#
# There is insufficient memory for the Java Runtime Environment to continue.
# Native memory allocation (malloc) failed to allocate 1013392 bytes for Chunk::new
# Possible reasons:
#   The system is out of physical RAM or swap space
#   In 32 bit mode, the process size limit was hit
# Possible solutions:
#   Reduce memory load on the system
#   Increase physical memory or swap space
#   Check if swap backing store is full
#   Use 64 bit Java on a 64 bit OS
#   Decrease Java heap size (-Xmx/-Xms)
#   Decrease number of Java threads
#   Decrease Java thread stack sizes (-Xss)
#   Set larger code cache with -XX:ReservedCodeCacheSize=
# This output file may be truncated or incomplete.
#
#  Out of Memory Error (allocation.cpp:323), pid=8168, tid=3612
#
# JRE version: Java(TM) SE Runtime Environment (7.0_67-b01) (build 1.7.0_67-b01)
# Java VM: Java HotSpot(TM) 64-Bit Server VM (24.65-b04 mixed mode windows-amd64 compressed oops)
# Failed to write core dump. Minidumps are not enabled by default on client versions of Windows
#

---------------  T H R E A D  ---------------

Current thread (0x0000000008469800):  JavaThread "C2 CompilerThread0" daemon [_thread_in_native, id=3612, stack(0x0000000009390000,0x0000000009490000)]

Stack: [0x0000000009390000,0x0000000009490000]
[error occurred during error reporting (printing stack bounds), id 0xc0000005]


Current CompileTask:
C2:   4660  348             com.android.dx.ssa.DeadCodeRemover::run (194 bytes)


---------------  P R O C E S S  ---------------

Java Threads: ( => current thread )
  0x0000000009e65800 JavaThread "pool-1-thread-4" [_thread_blocked, id=5856, stack(0x000000000ab20000,0x000000000ac20000)]
  0x0000000009ea9800 JavaThread "pool-1-thread-3" [_thread_blocked, id=4428, stack(0x0000000009760000,0x0000000009860000)]
  0x0000000009ea8800 JavaThread "pool-1-thread-2" [_thread_blocked, id=5004, stack(0x000000000a0d0000,0x000000000a1d0000)]
  0x0000000009e5f800 JavaThread "pool-2-thread-1" [_thread_blocked, id=7384, stack(0x000000000a920000,0x000000000aa20000)]
  0x0000000009ddb000 JavaThread "pool-1-thread-1" [_thread_blocked, id=3208, stack(0x000000000a710000,0x000000000a810000)]
  0x0000000009ca9800 JavaThread "Service Thread" daemon [_thread_blocked, id=6716, stack(0x000000000a3f0000,0x000000000a4f0000)]
  0x000000000846f000 JavaThread "C2 CompilerThread1" daemon [_thread_in_native, id=3368, stack(0x000000000a1e0000,0x000000000a2e0000)]
=>0x0000000008469800 JavaThread "C2 CompilerThread0" daemon [_thread_in_native, id=3612, stack(0x0000000009390000,0x0000000009490000)]
  0x000000000844c000 JavaThread "Attach Listener" daemon [_thread_blocked, id=3584, stack(0x0000000009ba0000,0x0000000009ca0000)]
  0x0000000008447000 JavaThread "Signal Dispatcher" daemon [_thread_blocked, id=7520, stack(0x0000000009a70000,0x0000000009b70000)]
  0x00000000083ee800 JavaThread "Finalizer" daemon [_thread_blocked, id=1312, stack(0x0000000009880000,0x0000000009980000)]
  0x00000000083ed000 JavaThread "Reference Handler" daemon [_thread_blocked, id=5364, stack(0x0000000009660000,0x0000000009760000)]
  0x00000000002be000 JavaThread "main" [_thread_blocked, id=2436, stack(0x00000000022c0000,0x00000000023c0000)]

Other Threads:
  0x00000000083e9000 VMThread [stack: 0x00000000094c0000,0x00000000095c0000] [id=4824]
  0x0000000009cb2800 WatcherThread [stack: 0x000000000a5d0000,0x000000000a6d0000] [id=1480]

VM state:not at safepoint (normal execution)

VM Mutex/Monitor currently owned by a thread: None

Heap
 PSYoungGen      total 33280K, used 3822K [0x00000000eaa80000, 0x00000000ecd80000, 0x0000000100000000)
  eden space 30720K, 4% used [0x00000000eaa80000,0x00000000eabbbb30,0x00000000ec880000)
  from space 2560K, 100% used [0x00000000ec880000,0x00000000ecb00000,0x00000000ecb00000)
  to   space 2560K, 0% used [0x00000000ecb00000,0x00000000ecb00000,0x00000000ecd80000)
 ParOldGen       total 40448K, used 6256K [0x00000000c0000000, 0x00000000c2780000, 0x00000000eaa80000)
  object space 40448K, 15% used [0x00000000c0000000,0x00000000c061c170,0x00000000c2780000)
 PSPermGen       total 21504K, used 5924K [0x00000000bae00000, 0x00000000bc300000, 0x00000000c0000000)
  object space 21504K, 27% used [0x00000000bae00000,0x00000000bb3c91f0,0x00000000bc300000)

Card table byte_map: [0x0000000005480000,0x00000000056b0000] byte_map_base: 0x0000000004ea9000

Polling page: 0x0000000000250000

Code Cache  [0x00000000023c0000, 0x0000000002630000, 0x00000000053c0000)
 total_blobs=593 nmethods=354 adapters=191 free_code_cache=47665Kb largest_free_block=48771328

Compilation events (10 events):
Event: 4.482 Thread 0x000000000846f000 nmethod 340 0x000000000251ee90 code [0x000000000251f080, 0x000000000251fb38]
Event: 4.482 Thread 0x000000000846f000  349             com.android.dx.rop.code.PlainInsn::getCatches (4 bytes)
Event: 4.482 Thread 0x000000000846f000 nmethod 349 0x000000000251ec90 code [0x000000000251edc0, 0x000000000251ee18]
Event: 4.482 Thread 0x000000000846f000  350             com.android.dx.cf.attrib.BaseAttribute::getName (5 bytes)
Event: 4.482 Thread 0x000000000846f000 nmethod 350 0x000000000251ea90 code [0x000000000251ebc0, 0x000000000251ec18]
Event: 4.482 Thread 0x000000000846f000  351             com.android.dx.rop.code.ThrowingCstInsn::<init> (51 bytes)
Event: 4.484 Thread 0x000000000846f000 nmethod 351 0x000000000251e590 code [0x000000000251e6e0, 0x000000000251e898]
Event: 4.484 Thread 0x000000000846f000  352   !         com.android.dx.cf.cst.ConstantPoolParser::parse0 (731 bytes)
Event: 4.585 Thread 0x000000000846f000 nmethod 352 0x0000000002537810 code [0x0000000002537d40, 0x000000000253a2a0]
Event: 4.585 Thread 0x000000000846f000  353             com.android.dx.ssa.SCCP::simulatePhi (169 bytes)

GC Heap History (6 events):
Event: 1.711 GC heap before
{Heap before GC invocations=1 (full 0):
 PSYoungGen      total 17920K, used 15112K [0x00000000eaa80000, 0x00000000ebe80000, 0x0000000100000000)
  eden space 15360K, 98% used [0x00000000eaa80000,0x00000000eb942060,0x00000000eb980000)
  from space 2560K, 0% used [0x00000000ebc00000,0x00000000ebc00000,0x00000000ebe80000)
  to   space 2560K, 0% used [0x00000000eb980000,0x00000000eb980000,0x00000000ebc00000)
 ParOldGen       total 40448K, used 0K [0x00000000c0000000, 0x00000000c2780000, 0x00000000eaa80000)
  object space 40448K, 0% used [0x00000000c0000000,0x00000000c0000000,0x00000000c2780000)
 PSPermGen       total 21504K, used 5397K [0x00000000bae00000, 0x00000000bc300000, 0x00000000c0000000)
  object space 21504K, 25% used [0x00000000bae00000,0x00000000bb3454a0,0x00000000bc300000)
Event: 1.933 GC heap after
Heap after GC invocations=1 (full 0):
 PSYoungGen      total 17920K, used 2537K [0x00000000eaa80000, 0x00000000ecd80000, 0x0000000100000000)
  eden space 15360K, 0% used [0x00000000eaa80000,0x00000000eaa80000,0x00000000eb980000)
  from space 2560K, 99% used [0x00000000eb980000,0x00000000ebbfa798,0x00000000ebc00000)
  to   space 2560K, 0% used [0x00000000ecb00000,0x00000000ecb00000,0x00000000ecd80000)
 ParOldGen       total 40448K, used 155K [0x00000000c0000000, 0x00000000c2780000, 0x00000000eaa80000)
  object space 40448K, 0% used [0x00000000c0000000,0x00000000c0026cd0,0x00000000c2780000)
 PSPermGen       total 21504K, used 5397K [0x00000000bae00000, 0x00000000bc300000, 0x00000000c0000000)
  object space 21504K, 25% used [0x00000000bae00000,0x00000000bb3454a0,0x00000000bc300000)
}
Event: 3.050 GC heap before
{Heap before GC invocations=2 (full 0):
 PSYoungGen      total 17920K, used 17897K [0x00000000eaa80000, 0x00000000ecd80000, 0x0000000100000000)
  eden space 15360K, 100% used [0x00000000eaa80000,0x00000000eb980000,0x00000000eb980000)
  from space 2560K, 99% used [0x00000000eb980000,0x00000000ebbfa798,0x00000000ebc00000)
  to   space 2560K, 0% used [0x00000000ecb00000,0x00000000ecb00000,0x00000000ecd80000)
 ParOldGen       total 40448K, used 155K [0x00000000c0000000, 0x00000000c2780000, 0x00000000eaa80000)
  object space 40448K, 0% used [0x00000000c0000000,0x00000000c0026cd0,0x00000000c2780000)
 PSPermGen       total 21504K, used 5748K [0x00000000bae00000, 0x00000000bc300000, 0x00000000c0000000)
  object space 21504K, 26% used [0x00000000bae00000,0x00000000bb39d318,0x00000000bc300000)
Event: 3.210 GC heap after
Heap after GC invocations=2 (full 0):
 PSYoungGen      total 33280K, used 2543K [0x00000000eaa80000, 0x00000000ecd80000, 0x0000000100000000)
  eden space 30720K, 0% used [0x00000000eaa80000,0x00000000eaa80000,0x00000000ec880000)
  from space 2560K, 99% used [0x00000000ecb00000,0x00000000ecd7bc98,0x00000000ecd80000)
  to   space 2560K, 0% used [0x00000000ec880000,0x00000000ec880000,0x00000000ecb00000)
 ParOldGen       total 40448K, used 1644K [0x00000000c0000000, 0x00000000c2780000, 0x00000000eaa80000)
  object space 40448K, 4% used [0x00000000c0000000,0x00000000c019b060,0x00000000c2780000)
 PSPermGen       total 21504K, used 5748K [0x00000000bae00000, 0x00000000bc300000, 0x00000000c0000000)
  object space 21504K, 26% used [0x00000000bae00000,0x00000000bb39d318,0x00000000bc300000)
}
Event: 4.517 GC heap before
{Heap before GC invocations=3 (full 0):
 PSYoungGen      total 33280K, used 33263K [0x00000000eaa80000, 0x00000000ecd80000, 0x0000000100000000)
  eden space 30720K, 100% used [0x00000000eaa80000,0x00000000ec880000,0x00000000ec880000)
  from space 2560K, 99% used [0x00000000ecb00000,0x00000000ecd7bc98,0x00000000ecd80000)
  to   space 2560K, 0% used [0x00000000ec880000,0x00000000ec880000,0x00000000ecb00000)
 ParOldGen       total 40448K, used 1644K [0x00000000c0000000, 0x00000000c2780000, 0x00000000eaa80000)
  object space 40448K, 4% used [0x00000000c0000000,0x00000000c019b060,0x00000000c2780000)
 PSPermGen       total 21504K, used 5923K [0x00000000bae00000, 0x00000000bc300000, 0x00000000c0000000)
  object space 21504K, 27% used [0x00000000bae00000,0x00000000bb3c8e20,0x00000000bc300000)
Event: 4.581 GC heap after
Heap after GC invocations=3 (full 0):
 PSYoungGen      total 33280K, used 2560K [0x00000000eaa80000, 0x00000000ecd80000, 0x0000000100000000)
  eden space 30720K, 0% used [0x00000000eaa80000,0x00000000eaa80000,0x00000000ec880000)
  from space 2560K, 100% used [0x00000000ec880000,0x00000000ecb00000,0x00000000ecb00000)
  to   space 2560K, 0% used [0x00000000ecb00000,0x00000000ecb00000,0x00000000ecd80000)
 ParOldGen       total 40448K, used 6256K [0x00000000c0000000, 0x00000000c2780000, 0x00000000eaa80000)
  object space 40448K, 15% used [0x00000000c0000000,0x00000000c061c170,0x00000000c2780000)
 PSPermGen       total 21504K, used 5923K [0x00000000bae00000, 0x00000000bc300000, 0x00000000c0000000)
  object space 21504K, 27% used [0x00000000bae00000,0x00000000bb3c8e20,0x00000000bc300000)
}

Deoptimization events (6 events):
Event: 2.448 Thread 0x0000000009ddb000 Uncommon trap: reason=null_check action=make_not_entrant pc=0x000000000244634c method=com.android.dx.rop.code.LocalItem.equals(Ljava/lang/Object;)Z @ 1
Event: 2.607 Thread 0x0000000009ddb000 Uncommon trap: reason=unreached action=reinterpret pc=0x0000000002448284 method=com.android.dx.rop.cst.Constant.compareTo(Lcom/android/dx/rop/cst/Constant;)I @ 12
Event: 3.251 Thread 0x0000000009e65800 Uncommon trap: reason=null_check action=make_not_entrant pc=0x0000000002481140 method=com.android.dx.rop.code.RegisterSpec.equals(Ljava/lang/Object;)Z @ 1
Event: 3.436 Thread 0x0000000009e65800 Uncommon trap: reason=null_check action=make_not_entrant pc=0x0000000002485d48 method=com.android.dx.ssa.SsaRenamer.getLocalForNewReg(I)Lcom/android/dx/rop/code/LocalItem; @ 19
Event: 4.033 Thread 0x00000000002be000 Uncommon trap: reason=null_check action=make_not_entrant pc=0x00000000024cc928 method=com.android.dx.rop.type.Type.putIntern(Lcom/android/dx/rop/type/Type;)Lcom/android/dx/rop/type/Type; @ 18
Event: 4.435 Thread 0x0000000009e65800 Uncommon trap: reason=null_check action=make_not_entrant pc=0x000000000250b664 method=com.android.dx.cf.code.Ropper$CatchInfo.getSetup(Lcom/android/dx/rop/type/Type;)Lcom/android/dx/cf/code/Ropper$ExceptionHandlerSetup; @ 10

Internal exceptions (10 events):
Event: 3.741 Thread 0x00000000002be000 Threw 0x00000000eb801320 at C:\re\jdk7u67\1368\hotspot\src\share\vm\prims\jvm.cpp:1244
Event: 3.746 Thread 0x0000000009ea9800 Threw 0x00000000eb902a40 at C:\re\jdk7u67\1368\hotspot\src\share\vm\prims\jvm.cpp:1244
Event: 3.747 Thread 0x0000000009ea9800 Threw 0x00000000eb908680 at C:\re\jdk7u67\1368\hotspot\src\share\vm\prims\jvm.cpp:1244
Event: 3.747 Thread 0x0000000009ea9800 Threw 0x00000000eb90e068 at C:\re\jdk7u67\1368\hotspot\src\share\vm\prims\jvm.cpp:1244
Event: 3.766 Thread 0x00000000002be000 Threw 0x00000000eb811998 at C:\re\jdk7u67\1368\hotspot\src\share\vm\prims\jvm.cpp:1244
Event: 4.033 Thread 0x00000000002be000 Implicit null exception at 0x00000000024cc237 to 0x00000000024cc919
Event: 4.040 Thread 0x00000000002be000 Threw 0x00000000eb9f36d0 at C:\re\jdk7u67\1368\hotspot\src\share\vm\prims\jvm.cpp:1244
Event: 4.041 Thread 0x00000000002be000 Threw 0x00000000eb9f5f08 at C:\re\jdk7u67\1368\hotspot\src\share\vm\prims\jvm.cpp:1244
Event: 4.419 Thread 0x0000000009e65800 Threw 0x00000000ec470a60 at C:\re\jdk7u67\1368\hotspot\src\share\vm\prims\jvm.cpp:1244
Event: 4.435 Thread 0x0000000009e65800 Implicit null exception at 0x00000000025096c1 to 0x000000000250b659

Events (10 events):
Event: 4.040 loading class 0x0000000009cb5ef0 done
Event: 4.041 loading class 0x0000000009f3a0d0
Event: 4.041 loading class 0x0000000009f3a0d0 done
Event: 4.419 loading class 0x0000000009f08b40
Event: 4.419 loading class 0x0000000009f08b40 done
Event: 4.435 Thread 0x0000000009e65800 Uncommon trap: trap_request=0xfffffff4 fr.pc=0x000000000250b664
Event: 4.435 Thread 0x0000000009e65800 DEOPT PACKING pc=0x000000000250b664 sp=0x000000000ac1ea00
Event: 4.435 Thread 0x0000000009e65800 DEOPT UNPACKING pc=0x00000000023f75a4 sp=0x000000000ac1e958 mode 2
Event: 4.516 Executing VM operation: ParallelGCFailedAllocation
Event: 4.581 Executing VM operation: ParallelGCFailedAllocation done


Dynamic libraries:
0x000000013f030000 - 0x000000013f063000 	C:\Program Files\Java\jdk1.7.0_67\bin\java.exe
0x0000000077110000 - 0x00000000772ba000 	C:\windows\SYSTEM32\ntdll.dll
0x0000000076b70000 - 0x0000000076c8f000 	C:\windows\system32\kernel32.dll
0x000007fefd6c0000 - 0x000007fefd72b000 	C:\windows\system32\KERNELBASE.dll
0x000007fefdb40000 - 0x000007fefdc1b000 	C:\windows\system32\ADVAPI32.dll
0x000007feff380000 - 0x000007feff41f000 	C:\windows\system32\msvcrt.dll
0x000007feff360000 - 0x000007feff37f000 	C:\windows\SYSTEM32\sechost.dll
0x000007fefdf80000 - 0x000007fefe0ad000 	C:\windows\system32\RPCRT4.dll
0x0000000077010000 - 0x000000007710a000 	C:\windows\system32\USER32.dll
0x000007fefe440000 - 0x000007fefe4a7000 	C:\windows\system32\GDI32.dll
0x000007feff350000 - 0x000007feff35e000 	C:\windows\system32\LPK.dll
0x000007fefe0b0000 - 0x000007fefe179000 	C:\windows\system32\USP10.dll
0x000007fefbc90000 - 0x000007fefbe84000 	C:\windows\WinSxS\amd64_microsoft.windows.common-controls_6595b64144ccf1df_6.0.7601.18837_none_fa3b1e3d17594757\COMCTL32.dll
0x000007fefdac0000 - 0x000007fefdb31000 	C:\windows\system32\SHLWAPI.dll
0x000007fefdc30000 - 0x000007fefdc5e000 	C:\windows\system32\IMM32.DLL
0x000007fefe4b0000 - 0x000007fefe5b9000 	C:\windows\system32\MSCTF.dll
0x0000000071ee0000 - 0x0000000071fb2000 	C:\Program Files\Java\jdk1.7.0_67\jre\bin\msvcr100.dll
0x0000000069660000 - 0x0000000069e32000 	C:\Program Files\Java\jdk1.7.0_67\jre\bin\server\jvm.dll
0x000007fef4810000 - 0x000007fef4819000 	C:\windows\system32\WSOCK32.dll
0x000007fefe180000 - 0x000007fefe1cd000 	C:\windows\system32\WS2_32.dll
0x000007fefdc20000 - 0x000007fefdc28000 	C:\windows\system32\NSI.dll
0x000007fefaba0000 - 0x000007fefabdb000 	C:\windows\system32\WINMM.dll
0x00000000772e0000 - 0x00000000772e7000 	C:\windows\system32\PSAPI.DLL
0x0000000074370000 - 0x000000007437f000 	C:\Program Files\Java\jdk1.7.0_67\jre\bin\verify.dll
0x0000000074340000 - 0x0000000074368000 	C:\Program Files\Java\jdk1.7.0_67\jre\bin\java.dll
0x0000000074310000 - 0x0000000074325000 	C:\Program Files\Java\jdk1.7.0_67\jre\bin\zip.dll
0x00000000742f0000 - 0x0000000074309000 	C:\Program Files\Java\jdk1.7.0_67\jre\bin\net.dll
0x000007fefcd90000 - 0x000007fefcde5000 	C:\windows\system32\mswsock.dll
0x000007fefd010000 - 0x000007fefd017000 	C:\windows\System32\wship6.dll
0x00000000722b0000 - 0x00000000722c1000 	C:\Program Files\Java\jdk1.7.0_67\jre\bin\nio.dll

VM Arguments:
jvm_args: -Xmx1024M -Dfile.encoding=GBK -Duser.country=CN -Duser.language=zh -Duser.variant 
java_command: com.android.dx.command.Main --dex --num-threads=4 --output D:\testgit\newKfc\imgZoom\app\build\intermediates\pre-dexed\debug\internal_impl-23.2.1-ada707841e3de51e356ddf319b08f91ffa05909a.jar D:\testgit\newKfc\imgZoom\app\build\intermediates\exploded-aar\com.android.support\support-v4\23.2.1\jars\libs\internal_impl-23.2.1.jar
Launcher Type: SUN_STANDARD

Environment Variables:
PATH=C:\windows\system32;C:\windows;C:\windows\System32\Wbem;C:\windows\System32\WindowsPowerShell\v1.0\;D:\adt-bundle-windows-x86-20130917.467161976\adt-bundle-windows-x86-20130917\newSdk\sdk\platform-tools;C:\Users\wangyuxin02\Downloads\temp\gradle-2.8\bin
USERNAME=v_wangzhan
OS=Windows_NT
PROCESSOR_IDENTIFIER=Intel64 Family 6 Model 58 Stepping 9, GenuineIntel



---------------  S Y S T E M  ---------------

OS: Windows 7 , 64 bit Build 7601 Service Pack 1

CPU:total 4 (2 cores per cpu, 2 threads per core) family 6 model 58 stepping 9, cmov, cx8, fxsr, mmx, sse, sse2, sse3, ssse3, sse4.1, sse4.2, popcnt, avx, aes, erms, ht, tsc, tscinvbit, tscinv

Memory: 4k page, physical 3882796k(129712k free), swap 9882292k(6208k free)

vm_info: Java HotSpot(TM) 64-Bit Server VM (24.65-b04) for windows-amd64 JRE (1.7.0_67-b01), built on Jul 25 2014 08:55:00 by "java_re" with unknown MS VC++:1600

time: Thu Apr 28 11:18:05 2016
elapsed time: 4 seconds

